<?xml version="1.0" encoding="UTF-8"?>
<!-- Generated by org.testng.reporters.JUnitReportReporter -->
<testsuite hostname="SCIAD47LP269" failures="0" tests="1" name="driversetup.multipledrivers" time="17.184" errors="0" timestamp="2023-03-29T10:37:49 IST" skipped="0">
  <testcase classname="driversetup.multipledrivers" name="loginwebsite" time="17.184"/>
  <system-out/>
</testsuite> <!-- driversetup.multipledrivers -->
