<?xml version="1.0" encoding="UTF-8"?>
<!-- Generated by org.testng.reporters.JUnitReportReporter -->
<testsuite hostname="SCIAD47LP269" failures="0" tests="1" name="driversetup.multipledrivers" time="19.053" errors="0" timestamp="2023-04-03T15:41:12 IST" skipped="0">
  <testcase classname="driversetup.multipledrivers" name="loginwebsite" time="19.053"/>
  <system-out/>
</testsuite> <!-- driversetup.multipledrivers -->
